<?xml version="1.0" encoding="UTF-8"?>
<!-- Generated by org.testng.reporters.JUnitXMLReporter -->
<testsuite hostname="IN5CG6495DFB" name="Test" tests="8" failures="0" timestamp="13 Jun 2019 09:34:38 GMT" time="1.362" errors="0">
  <testcase name="Module1Test1" time="0.031" classname="com.tendulkar.selenium.Module1"/>
  <testcase name="Module1Test2" time="0.012" classname="com.tendulkar.selenium.Module1"/>
  <testcase name="Module1Test3" time="0.008" classname="com.tendulkar.selenium.Module1"/>
  <testcase name="Module2Test1" time="0.004" classname="com.tendulkar.selenium.Module2"/>
  <testcase name="Module2Test2" time="0.003" classname="com.tendulkar.selenium.Module2"/>
  <testcase name="Module2Test3" time="0.004" classname="com.tendulkar.selenium.Module2"/>
  <testcase name="Sample1" time="0.004" classname="com.tendulkar.selenium.Sample"/>
  <testcase name="feature" time="0.308" classname="testRunner.TestRunnerClass1"/>
</testsuite> <!-- Test -->
